<?xml version="1.0" encoding="UTF-8"?>
<!-- Generated by org.testng.reporters.JUnitReportReporter -->
<testsuite hostname="DESKTOP-36O0SPN" failures="0" tests="1" name="com.cornerstone.testcases.ProductCheckoutTest" time="28.221" errors="0" timestamp="2022-04-23T23:12:25 BST" skipped="0">
  <testcase classname="com.cornerstone.testcases.ProductCheckoutTest" name="singleProductCheckoutForUnregisteredCustomer" time="28.221"/>
  <system-out/>
</testsuite> <!-- com.cornerstone.testcases.ProductCheckoutTest -->
